"E:/UE/UEngine4.27/Arkanoid/Content/MyGame/BluePrints/Core/BP_MyGameInstance.uasset" 0
"E:/UE/UEngine4.27/Arkanoid/Content/MyGame/BluePrints/Core/BP_MyGameInstance.uexp" 1
"../../../Engine/Content/EngineMaterials/T_Default_Material_Grid_N.uasset" 2
"../../../Engine/Content/EngineMaterials/T_Default_Material_Grid_N.uexp" 3
"../../../Engine/Content/EngineMaterials/T_Default_Material_Grid_N.ubulk" 4
"../../../Engine/Content/EngineMaterials/T_Default_Material_Grid_M.uasset" 5
"../../../Engine/Content/EngineMaterials/T_Default_Material_Grid_M.uexp" 6
"../../../Engine/Content/EngineMaterials/T_Default_Material_Grid_M.ubulk" 7
"../../../Engine/Content/Functions/Engine_MaterialFunctions01/Opacity/CameraDepthFade.uasset" 8
"../../../Engine/Content/Functions/Engine_MaterialFunctions01/Opacity/CameraDepthFade.uexp" 9
"../../../Engine/Content/EngineMaterials/WorldGridMaterial.uasset" 10
"../../../Engine/Content/EngineMaterials/WorldGridMaterial.uexp" 11
"../../../Engine/Content/ArtTools/RenderToTexture/Meshes/S_1_Unit_Plane.uasset" 12
"../../../Engine/Content/ArtTools/RenderToTexture/Meshes/S_1_Unit_Plane.uexp" 13
"../../../Engine/Content/BasicShapes/Plane.uasset" 14
"../../../Engine/Content/BasicShapes/Plane.uexp" 15
"../../../Engine/Content/EditorLandscapeResources/DataLayer.uasset" 16
"../../../Engine/Content/EditorLandscapeResources/DataLayer.uexp" 17
"../../../Engine/Content/EditorLandscapeResources/DefaultAlphaTexture.uasset" 18
"../../../Engine/Content/EditorLandscapeResources/DefaultAlphaTexture.uexp" 19
"../../../Engine/Content/EditorMaterials/MAT_Groups_Toggle.uasset" 20
"../../../Engine/Content/EditorMaterials/MAT_Groups_Toggle.uexp" 21
"../../../Engine/Content/EditorMaterials/MAT_Groups_Visibility.uasset" 22
"../../../Engine/Content/EditorMaterials/MAT_Groups_Visibility.uexp" 23
"../../../Engine/Content/EditorMaterials/PreviewShadowIndicator.uasset" 24
"../../../Engine/Content/EditorMaterials/PreviewShadowIndicator.uexp" 25
"../../../Engine/Content/EditorMaterials/PreviewShadowIndicator.ubulk" 26
"../../../Engine/Content/EditorMaterials/PreviewShadowIndicatorMaterial.uasset" 27
"../../../Engine/Content/EditorMaterials/PreviewShadowIndicatorMaterial.uexp" 28
"../../../Engine/Content/EditorMaterials/MatineeGroups/MAT_ColorTrack.uasset" 29
"../../../Engine/Content/EditorMaterials/MatineeGroups/MAT_ColorTrack.uexp" 30
"../../../Engine/Content/EditorMaterials/MatineeGroups/MAT_Groups_Anim.uasset" 31
"../../../Engine/Content/EditorMaterials/MatineeGroups/MAT_Groups_Anim.uexp" 32
"../../../Engine/Content/EditorMaterials/MatineeGroups/MAT_Groups_AudioMaster.uasset" 33
"../../../Engine/Content/EditorMaterials/MatineeGroups/MAT_Groups_AudioMaster.uexp" 34
"../../../Engine/Content/EditorMaterials/MatineeGroups/MAT_Groups_Director.uasset" 35
"../../../Engine/Content/EditorMaterials/MatineeGroups/MAT_Groups_Director.uexp" 36
"../../../Engine/Content/EditorMaterials/MatineeGroups/MAT_Groups_Event.uasset" 37
"../../../Engine/Content/EditorMaterials/MatineeGroups/MAT_Groups_Event.uexp" 38
"../../../Engine/Content/EditorMaterials/MatineeGroups/MAT_Groups_Fade.uasset" 39
"../../../Engine/Content/EditorMaterials/MatineeGroups/MAT_Groups_Fade.uexp" 40
"../../../Engine/Content/EditorMaterials/MatineeGroups/MAT_Groups_Float.uasset" 41
"../../../Engine/Content/EditorMaterials/MatineeGroups/MAT_Groups_Float.uexp" 42
"../../../Engine/Content/EditorMaterials/MatineeGroups/MAT_Groups_Move.uasset" 43
"../../../Engine/Content/EditorMaterials/MatineeGroups/MAT_Groups_Move.uexp" 44
"../../../Engine/Content/EditorMaterials/MatineeGroups/MAT_Groups_Slomo.uasset" 45
"../../../Engine/Content/EditorMaterials/MatineeGroups/MAT_Groups_Slomo.uexp" 46
"../../../Engine/Content/EditorMaterials/MatineeGroups/MAT_Groups_Sound.uasset" 47
"../../../Engine/Content/EditorMaterials/MatineeGroups/MAT_Groups_Sound.uexp" 48
"../../../Engine/Content/EditorMaterials/MatineeGroups/MAT_Groups_Vector.uasset" 49
"../../../Engine/Content/EditorMaterials/MatineeGroups/MAT_Groups_Vector.uexp" 50
"../../../Engine/Content/EditorMaterials/ParticleSystems/PSysThumbnail_NoImage.uasset" 51
"../../../Engine/Content/EditorMaterials/ParticleSystems/PSysThumbnail_NoImage.uexp" 52
"../../../Engine/Content/EditorMaterials/ParticleSystems/PSysThumbnail_NoImage.ubulk" 53
"../../../Engine/Content/EditorMaterials/ParticleSystems/PSysThumbnail_OOD.uasset" 54
"../../../Engine/Content/EditorMaterials/ParticleSystems/PSysThumbnail_OOD.uexp" 55
"../../../Engine/Content/EditorMaterials/ParticleSystems/PSysThumbnail_OOD.ubulk" 56
"../../../Engine/Content/EditorMaterials/Camera/CineMat.uasset" 57
"../../../Engine/Content/EditorMaterials/Camera/CineMat.uexp" 58
"../../../Engine/Content/EditorMaterials/Camera/MI_CineMat_Rig.uasset" 59
"../../../Engine/Content/EditorMaterials/Camera/MI_CineMat_Rig.uexp" 60
"../../../Engine/Content/EditorMeshes/Camera/SM_CraneRig_Arm.uasset" 61
"../../../Engine/Content/EditorMeshes/Camera/SM_CraneRig_Arm.uexp" 62
"../../../Engine/Content/EditorMeshes/Camera/SM_CraneRig_Base.uasset" 63
"../../../Engine/Content/EditorMeshes/Camera/SM_CraneRig_Base.uexp" 64
"../../../Engine/Content/EditorMeshes/Camera/SM_CraneRig_Body.uasset" 65
"../../../Engine/Content/EditorMeshes/Camera/SM_CraneRig_Body.uexp" 66
"../../../Engine/Content/EditorMeshes/Camera/SM_CraneRig_Mount.uasset" 67
"../../../Engine/Content/EditorMeshes/Camera/SM_CraneRig_Mount.uexp" 68
"../../../Engine/Content/EditorMeshes/Camera/SM_RailRig_Mount.uasset" 69
"../../../Engine/Content/EditorMeshes/Camera/SM_RailRig_Mount.uexp" 70
"../../../Engine/Content/EditorMeshes/Camera/SM_RailRig_Track.uasset" 71
"../../../Engine/Content/EditorMeshes/Camera/SM_RailRig_Track.uexp" 72
"../../../Engine/Content/EditorResources/BSPVertex.uasset" 73
"../../../Engine/Content/EditorResources/BSPVertex.uexp" 74
"../../../Engine/Content/EditorResources/EmptyActor.uasset" 75
"../../../Engine/Content/EditorResources/EmptyActor.uexp" 76
"../../../Engine/Content/EditorResources/S_Actor.uasset" 77
"../../../Engine/Content/EditorResources/S_Actor.uexp" 78
"../../../Engine/Content/EditorResources/S_Actor.ubulk" 79
"../../../Engine/Content/EditorResources/S_Note.uasset" 80
"../../../Engine/Content/EditorResources/S_Note.uexp" 81
"../../../Engine/Content/EditorResources/S_Note.ubulk" 82
"../../../Engine/Content/EditorResources/S_Solver.uasset" 83
"../../../Engine/Content/EditorResources/S_Solver.uexp" 84
"../../../Engine/Content/EditorResources/S_Solver.ubulk" 85
"../../../Engine/Content/EditorResources/S_Terrain.uasset" 86
"../../../Engine/Content/EditorResources/S_Terrain.uexp" 87
"../../../Engine/Content/EditorResources/S_Terrain.ubulk" 88
"../../../Engine/Content/EditorResources/S_Trigger.uasset" 89
"../../../Engine/Content/EditorResources/S_Trigger.uexp" 90
"../../../Engine/Content/EditorResources/S_Trigger.ubulk" 91
"../../../Engine/Content/EditorResources/AudioIcons/S_AudioComponent_AutoActivate.uasset" 92
"../../../Engine/Content/EditorResources/AudioIcons/S_AudioComponent_AutoActivate.uexp" 93
"../../../Engine/Content/EditorResources/AudioIcons/S_AudioComponent_AutoActivate.ubulk" 94
"../../../Engine/Content/EditorResources/SequenceRecorder/Countdown.uasset" 95
"../../../Engine/Content/EditorResources/SequenceRecorder/Countdown.uexp" 96
"../../../Engine/Content/EditorResources/SequenceRecorder/RecordingIndicator.uasset" 97
"../../../Engine/Content/EditorResources/SequenceRecorder/RecordingIndicator.uexp" 98
"../../../Engine/Content/EngineDamageTypes/DmgTypeBP_Environmental.uasset" 99
"../../../Engine/Content/EngineDamageTypes/DmgTypeBP_Environmental.uexp" 100
"../../../Engine/Content/EngineDebugMaterials/DebugEditorMaterial.uasset" 101
"../../../Engine/Content/EngineDebugMaterials/DebugEditorMaterial.uexp" 102
"../../../Engine/Content/EngineDebugMaterials/DebugMeshMaterial.uasset" 103
"../../../Engine/Content/EngineDebugMaterials/DebugMeshMaterial.uexp" 104
"../../../Engine/Content/EngineDebugMaterials/M_SimpleUnlitTranslucent.uasset" 105
"../../../Engine/Content/EngineDebugMaterials/M_SimpleUnlitTranslucent.uexp" 106
"../../../Engine/Content/EngineDebugMaterials/VolumeToRender.uasset" 107
"../../../Engine/Content/EngineDebugMaterials/VolumeToRender.uexp" 108
"../../../Engine/Content/Functions/Engine_MaterialFunctions02/Utility/CameraDirectionVector.uasset" 109
"../../../Engine/Content/Functions/Engine_MaterialFunctions02/Utility/CameraDirectionVector.uexp" 110
"../../../Engine/Content/EngineDebugMaterials/M_VolumeRenderSphereTracePP.uasset" 111
"../../../Engine/Content/EngineDebugMaterials/M_VolumeRenderSphereTracePP.uexp" 112
"../../../Engine/Content/Functions/Engine_MaterialFunctions01/Shading/ConvertFromDiffSpec.uasset" 113
"../../../Engine/Content/Functions/Engine_MaterialFunctions01/Shading/ConvertFromDiffSpec.uexp" 114
"../../../Engine/Content/EngineDebugMaterials/VertexColorMaterial.uasset" 115
"../../../Engine/Content/EngineDebugMaterials/VertexColorMaterial.uexp" 116
"../../../Engine/Content/EngineDebugMaterials/WireframeMaterial.uasset" 117
"../../../Engine/Content/EngineDebugMaterials/WireframeMaterial.uexp" 118
"../../../Engine/Content/EngineFonts/Faces/RobotoBold.uasset" 119
"../../../Engine/Content/EngineFonts/Faces/RobotoBold.uexp" 120
"../../../Engine/Content/EngineFonts/Faces/RobotoBold.ufont" 121
"../../../Engine/Content/EngineFonts/Faces/DroidSansFallback.uasset" 122
"../../../Engine/Content/EngineFonts/Faces/DroidSansFallback.uexp" 123
"../../../Engine/Content/EngineFonts/Faces/DroidSansFallback.ufont" 124
"../../../Engine/Content/EngineFonts/Faces/RobotoRegular.uasset" 125
"../../../Engine/Content/EngineFonts/Faces/RobotoRegular.uexp" 126
"../../../Engine/Content/EngineFonts/Faces/RobotoRegular.ufont" 127
"../../../Engine/Content/EngineFonts/Faces/RobotoLight.uasset" 128
"../../../Engine/Content/EngineFonts/Faces/RobotoLight.uexp" 129
"../../../Engine/Content/EngineFonts/Faces/RobotoLight.ufont" 130
"../../../Engine/Content/EngineFonts/Faces/RobotoItalic.uasset" 131
"../../../Engine/Content/EngineFonts/Faces/RobotoItalic.uexp" 132
"../../../Engine/Content/EngineFonts/Faces/RobotoItalic.ufont" 133
"../../../Engine/Content/EngineFonts/Faces/RobotoBoldItalic.uasset" 134
"../../../Engine/Content/EngineFonts/Faces/RobotoBoldItalic.uexp" 135
"../../../Engine/Content/EngineFonts/Faces/RobotoBoldItalic.ufont" 136
"../../../Engine/Content/EngineFonts/Roboto.uasset" 137
"../../../Engine/Content/EngineFonts/Roboto.uexp" 138
"../../../Engine/Content/EngineMaterials/BaseFlattenNormalMap.uasset" 139
"../../../Engine/Content/EngineMaterials/BaseFlattenNormalMap.uexp" 140
"../../../Engine/Content/EngineMaterials/BaseFlattenGrayscaleMap.uasset" 141
"../../../Engine/Content/EngineMaterials/BaseFlattenGrayscaleMap.uexp" 142
"../../../Engine/Content/EngineMaterials/BaseFlattenEmissiveMap.uasset" 143
"../../../Engine/Content/EngineMaterials/BaseFlattenEmissiveMap.uexp" 144
"../../../Engine/Content/EngineMaterials/BaseFlattenDiffuseMap.uasset" 145
"../../../Engine/Content/EngineMaterials/BaseFlattenDiffuseMap.uexp" 146
"../../../Engine/Content/EngineMaterials/BaseFlattenMaterial.uasset" 147
"../../../Engine/Content/EngineMaterials/BaseFlattenMaterial.uexp" 148
"../../../Engine/Content/EngineMaterials/BlueNoise.uasset" 149
"../../../Engine/Content/EngineMaterials/BlueNoise.uexp" 150
"../../../Engine/Content/EngineMaterials/DefaultBloomKernel.uasset" 151
"../../../Engine/Content/EngineMaterials/DefaultBloomKernel.uexp" 152
"../../../Engine/Content/EngineMaterials/DefaultBokeh.uasset" 153
"../../../Engine/Content/EngineMaterials/DefaultBokeh.uexp" 154
"../../../Engine/Content/EngineMaterials/DefaultDiffuse.uasset" 155
"../../../Engine/Content/EngineMaterials/DefaultDiffuse.uexp" 156
"../../../Engine/Content/EngineMaterials/DefaultDiffuse.ubulk" 157
"../../../Engine/Content/EngineMaterials/DefaultDeferredDecalMaterial.uasset" 158
"../../../Engine/Content/EngineMaterials/DefaultDeferredDecalMaterial.uexp" 159
"../../../Engine/Content/EngineMaterials/DefaultLightFunctionMaterial.uasset" 160
"../../../Engine/Content/EngineMaterials/DefaultLightFunctionMaterial.uexp" 161
"../../../Engine/Content/EngineMaterials/DefaultPhysicalMaterial.uasset" 162
"../../../Engine/Content/EngineMaterials/DefaultPhysicalMaterial.uexp" 163
"../../../Engine/Content/Functions/Engine_MaterialFunctions02/Utility/BreakOutFloat2Components.uasset" 164
"../../../Engine/Content/Functions/Engine_MaterialFunctions02/Utility/BreakOutFloat2Components.uexp" 165
"../../../Engine/Content/EngineMaterials/DefaultPostProcessMaterial.uasset" 166
"../../../Engine/Content/EngineMaterials/DefaultPostProcessMaterial.uexp" 167
"../../../Engine/Content/EngineFonts/RobotoDistanceField.uasset" 168
"../../../Engine/Content/EngineFonts/RobotoDistanceField.uexp" 169
"../../../Engine/Content/EngineMaterials/DefaultTextMaterialOpaque.uasset" 170
"../../../Engine/Content/EngineMaterials/DefaultTextMaterialOpaque.uexp" 171
"../../../Engine/Content/EngineMaterials/DefaultWhiteGrid.uasset" 172
"../../../Engine/Content/EngineMaterials/DefaultWhiteGrid.uexp" 173
"../../../Engine/Content/EngineMaterials/DefaultWhiteGrid.ubulk" 174
"../../../Engine/Content/EngineMaterials/DefaultWhiteGrid_Low.uasset" 175
"../../../Engine/Content/EngineMaterials/DefaultWhiteGrid_Low.uexp" 176
"../../../Engine/Content/EngineMaterials/EmissiveMeshMaterial.uasset" 177
"../../../Engine/Content/EngineMaterials/EmissiveMeshMaterial.uexp" 178
"../../../Engine/Content/EngineMaterials/GizmoMaterial.uasset" 179
"../../../Engine/Content/EngineMaterials/GizmoMaterial.uexp" 180
"../../../Engine/Content/EngineMaterials/Good64x64TilingNoiseHighFreq.uasset" 181
"../../../Engine/Content/EngineMaterials/Good64x64TilingNoiseHighFreq.uexp" 182
"../../../Engine/Content/EngineMaterials/MiniFont.uasset" 183
"../../../Engine/Content/EngineMaterials/MiniFont.uexp" 184
"../../../Engine/Content/EngineMaterials/InvalidLightmapSettings.uasset" 185
"../../../Engine/Content/EngineMaterials/InvalidLightmapSettings.uexp" 186
"../../../Engine/Content/EngineMaterials/InvalidLightmapSettings.ubulk" 187
"../../../Engine/Content/EngineMaterials/M_InvalidLightmapSettings.uasset" 188
"../../../Engine/Content/EngineMaterials/M_InvalidLightmapSettings.uexp" 189
"../../../Engine/Content/Functions/Engine_MaterialFunctions02/WorldPositionOffset/CameraOffset.uasset" 190
"../../../Engine/Content/Functions/Engine_MaterialFunctions02/WorldPositionOffset/CameraOffset.uexp" 191
"../../../Engine/Content/EngineMaterials/PhAT_JointLimitMaterial.uasset" 192
"../../../Engine/Content/EngineMaterials/PhAT_JointLimitMaterial.uexp" 193
"../../../Engine/Content/EngineMaterials/DefaultCalibrationColor.uasset" 194
"../../../Engine/Content/EngineMaterials/DefaultCalibrationColor.uexp" 195
"../../../Engine/Content/EngineMaterials/PPM_DefaultCalibrationColor.uasset" 196
"../../../Engine/Content/EngineMaterials/PPM_DefaultCalibrationColor.uexp" 197
"../../../Engine/Content/EngineMaterials/DefaultCalibrationGrayscale.uasset" 198
"../../../Engine/Content/EngineMaterials/DefaultCalibrationGrayscale.uexp" 199
"../../../Engine/Content/EngineMaterials/PPM_DefaultCalibrationGrayscale.uasset" 200
"../../../Engine/Content/EngineMaterials/PPM_DefaultCalibrationGrayscale.uexp" 201
"../../../Engine/Content/EngineMaterials/PreintegratedSkinBRDF.uasset" 202
"../../../Engine/Content/EngineMaterials/PreintegratedSkinBRDF.uexp" 203
"../../../Engine/Content/EngineMaterials/RemoveSurfaceMaterial.uasset" 204
"../../../Engine/Content/EngineMaterials/RemoveSurfaceMaterial.uexp" 205
"../../../Engine/Content/EngineMaterials/WeightMapPlaceholderTexture.uasset" 206
"../../../Engine/Content/EngineMaterials/WeightMapPlaceholderTexture.uexp" 207
"../../../Engine/Content/EngineResources/WhiteSquareTexture.uasset" 208
"../../../Engine/Content/EngineResources/WhiteSquareTexture.uexp" 209
"../../../Engine/Content/EngineMaterials/Widget3DPassThrough.uasset" 210
"../../../Engine/Content/EngineMaterials/Widget3DPassThrough.uexp" 211
"../../../Engine/Content/EngineMaterials/Widget3DPassThrough_Masked.uasset" 212
"../../../Engine/Content/EngineMaterials/Widget3DPassThrough_Masked.uexp" 213
"../../../Engine/Content/EngineMaterials/Widget3DPassThrough_Opaque.uasset" 214
"../../../Engine/Content/EngineMaterials/Widget3DPassThrough_Opaque.uexp" 215
"../../../Engine/Content/EngineMaterials/Widget3DPassThrough_Masked_OneSided.uasset" 216
"../../../Engine/Content/EngineMaterials/Widget3DPassThrough_Masked_OneSided.uexp" 217
"../../../Engine/Content/EngineMaterials/Widget3DPassThrough_Opaque_OneSided.uasset" 218
"../../../Engine/Content/EngineMaterials/Widget3DPassThrough_Opaque_OneSided.uexp" 219
"../../../Engine/Content/EngineMaterials/Widget3DPassThrough_Translucent.uasset" 220
"../../../Engine/Content/EngineMaterials/Widget3DPassThrough_Translucent.uexp" 221
"../../../Engine/Content/EngineMaterials/Widget3DPassThrough_Translucent_OneSided.uasset" 222
"../../../Engine/Content/EngineMaterials/Widget3DPassThrough_Translucent_OneSided.uexp" 223
"../../../Engine/Content/EngineMaterials/DefaultMaterial.uasset" 224
"../../../Engine/Content/EngineMaterials/DefaultMaterial.uexp" 225
"../../../Engine/Content/EngineMeshes/Cylinder.uasset" 226
"../../../Engine/Content/EngineMeshes/Cylinder.uexp" 227
"../../../Engine/Content/EngineMeshes/Sphere.uasset" 228
"../../../Engine/Content/EngineMeshes/Sphere.uexp" 229
"../../../Engine/Content/EngineResources/DefaultTexture.uasset" 230
"../../../Engine/Content/EngineResources/DefaultTexture.uexp" 231
"../../../Engine/Content/EngineResources/DefaultTexture.ubulk" 232
"../../../Engine/Content/EngineResources/DefaultTextureCube.uasset" 233
"../../../Engine/Content/EngineResources/DefaultTextureCube.uexp" 234
"../../../Engine/Content/EngineResources/DefaultVolumeTexture2D.uasset" 235
"../../../Engine/Content/EngineResources/DefaultVolumeTexture2D.uexp" 236
"../../../Engine/Content/EngineResources/DefaultVolumeTexture.uasset" 237
"../../../Engine/Content/EngineResources/DefaultVolumeTexture.uexp" 238
"../../../Engine/Content/EngineResources/GradientTexture0.uasset" 239
"../../../Engine/Content/EngineResources/GradientTexture0.uexp" 240
"../../../Engine/Content/EngineSky/VolumetricClouds/T_NoiseShape64.uasset" 241
"../../../Engine/Content/EngineSky/VolumetricClouds/T_NoiseShape64.uexp" 242
"../../../Engine/Content/EngineSky/VolumetricClouds/T_NoiseShape64.ubulk" 243
"../../../Engine/Content/EngineSky/VolumetricClouds/T_VolumeNoiseShape64.uasset" 244
"../../../Engine/Content/EngineSky/VolumetricClouds/T_VolumeNoiseShape64.uexp" 245
"../../../Engine/Content/EngineSky/VolumetricClouds/T_NoiseErosion.uasset" 246
"../../../Engine/Content/EngineSky/VolumetricClouds/T_NoiseErosion.uexp" 247
"../../../Engine/Content/EngineSky/VolumetricClouds/T_NoiseErosion.ubulk" 248
"../../../Engine/Content/EngineSky/VolumetricClouds/T_VolumeNoiseErosion32.uasset" 249
"../../../Engine/Content/EngineSky/VolumetricClouds/T_VolumeNoiseErosion32.uexp" 250
"../../../Engine/Content/EngineSky/VolumetricClouds/CloudWeatherTexture.uasset" 251
"../../../Engine/Content/EngineSky/VolumetricClouds/CloudWeatherTexture.uexp" 252
"../../../Engine/Content/EngineSky/VolumetricClouds/CloudGradientTexture.uasset" 253
"../../../Engine/Content/EngineSky/VolumetricClouds/CloudGradientTexture.uexp" 254
"../../../Engine/Content/Functions/Engine_MaterialFunctions02/Utility/MakeFloat2.uasset" 255
"../../../Engine/Content/Functions/Engine_MaterialFunctions02/Utility/MakeFloat2.uexp" 256
"../../../Engine/Content/EngineSky/VolumetricClouds/m_SimpleVolumetricCloud.uasset" 257
"../../../Engine/Content/EngineSky/VolumetricClouds/m_SimpleVolumetricCloud.uexp" 258
"../../../Engine/Content/EngineSky/VolumetricClouds/m_SimpleVolumetricCloud_Inst.uasset" 259
"../../../Engine/Content/EngineSky/VolumetricClouds/m_SimpleVolumetricCloud_Inst.uexp" 260
"../../../Engine/Content/EngineSounds/Master.uasset" 261
"../../../Engine/Content/EngineSounds/Master.uexp" 262
"../../../Engine/Content/Functions/Engine_MaterialFunctions01/Shading/PowerToRoughness.uasset" 263
"../../../Engine/Content/Functions/Engine_MaterialFunctions01/Shading/PowerToRoughness.uexp" 264
"../../../Engine/Content/Maps/Templates/Thumbnails/Default.uasset" 265
"../../../Engine/Content/Maps/Templates/Thumbnails/Default.uexp" 266
"../../../Engine/Content/Maps/Templates/Thumbnails/TimeOfDay.uasset" 267
"../../../Engine/Content/Maps/Templates/Thumbnails/TimeOfDay.uexp" 268
"../../../Engine/Content/Maps/Templates/Thumbnails/VR-Basic.uasset" 269
"../../../Engine/Content/Maps/Templates/Thumbnails/VR-Basic.uexp" 270
"../../../Engine/Content/MobileResources/T_MobileControls_texture.uasset" 271
"../../../Engine/Content/MobileResources/T_MobileControls_texture.uexp" 272
"../../../Engine/Content/MobileResources/T_MobileMenu2.uasset" 273
"../../../Engine/Content/MobileResources/T_MobileMenu2.uexp" 274
"../../../Engine/Content/MobileResources/HUD/AnalogHat.uasset" 275
"../../../Engine/Content/MobileResources/HUD/AnalogHat.uexp" 276
"../../../Engine/Content/MobileResources/HUD/VirtualJoystick_Thumb.uasset" 277
"../../../Engine/Content/MobileResources/HUD/VirtualJoystick_Thumb.uexp" 278
"../../../Engine/Content/MobileResources/HUD/VirtualJoystick_Background.uasset" 279
"../../../Engine/Content/MobileResources/HUD/VirtualJoystick_Background.uexp" 280
"../../../Engine/Content/MobileResources/HUD/DefaultVirtualJoysticks.uasset" 281
"../../../Engine/Content/MobileResources/HUD/DefaultVirtualJoysticks.uexp" 282
"../../../Engine/Content/MobileResources/HUD/LeftVirtualJoystickOnly.uasset" 283
"../../../Engine/Content/MobileResources/HUD/LeftVirtualJoystickOnly.uexp" 284
"../../../Engine/Content/MobileResources/HUD/MobileHUDButton1_off.uasset" 285
"../../../Engine/Content/MobileResources/HUD/MobileHUDButton1_off.uexp" 286
"../../../Engine/Content/MobileResources/HUD/MobileHUDButton1_on.uasset" 287
"../../../Engine/Content/MobileResources/HUD/MobileHUDButton1_on.uexp" 288
"../../../Engine/Content/MobileResources/HUD/MobileHUDButton2_off.uasset" 289
"../../../Engine/Content/MobileResources/HUD/MobileHUDButton2_off.uexp" 290
"../../../Engine/Content/MobileResources/HUD/MobileHUDButton2_on.uasset" 291
"../../../Engine/Content/MobileResources/HUD/MobileHUDButton2_on.uexp" 292
"../../../Engine/Content/MobileResources/HUD/MobileHUDButton3.uasset" 293
"../../../Engine/Content/MobileResources/HUD/MobileHUDButton3.uexp" 294
"../../../Engine/Content/MobileResources/HUD/MobileHUDButtonFire.uasset" 295
"../../../Engine/Content/MobileResources/HUD/MobileHUDButtonFire.uexp" 296
"../../../Engine/Content/MobileResources/HUD/MobileHUDDirectionPad.uasset" 297
"../../../Engine/Content/MobileResources/HUD/MobileHUDDirectionPad.uexp" 298
"../../../Engine/Content/MobileResources/HUD/MobileHUDDirectionPad2.uasset" 299
"../../../Engine/Content/MobileResources/HUD/MobileHUDDirectionPad2.uexp" 300
"../../../Engine/Content/MobileResources/HUD/MobileHUDDirectionPad3.uasset" 301
"../../../Engine/Content/MobileResources/HUD/MobileHUDDirectionPad3.uexp" 302
"../../../Engine/Content/MobileResources/HUD/MobileHUDDirectionStick.uasset" 303
"../../../Engine/Content/MobileResources/HUD/MobileHUDDirectionStick.uexp" 304
"../../../Engine/Content/MobileResources/HUD/T_Castle_ThumbstickInner.uasset" 305
"../../../Engine/Content/MobileResources/HUD/T_Castle_ThumbstickInner.uexp" 306
"../../../Engine/Content/MobileResources/HUD/T_Castle_ThumbstickOutter.uasset" 307
"../../../Engine/Content/MobileResources/HUD/T_Castle_ThumbstickOutter.uexp" 308
"../../../Engine/Content/Tutorial/ContentIntroCurve.uasset" 309
"../../../Engine/Content/Tutorial/ContentIntroCurve.uexp" 310
"../../../Engine/Content/VREditor/TransformGizmo/TranslucentTransformGizmoMaterial.uasset" 311
"../../../Engine/Content/VREditor/TransformGizmo/TranslucentTransformGizmoMaterial.uexp" 312
"../../../Engine/Content/VREditor/LaserPointer/VR_LaserPower_01.uasset" 313
"../../../Engine/Content/VREditor/LaserPointer/VR_LaserPower_01.uexp" 314
"../../../Engine/Content/VREditor/LaserPointer/VR_LaserPower_01.ubulk" 315
"../../../Engine/Content/VREditor/TransformGizmo/TransformGizmoMaterial.uasset" 316
"../../../Engine/Content/VREditor/TransformGizmo/TransformGizmoMaterial.uexp" 317
"../../../Engine/Content/VREditor/TransformGizmo/BoundingBoxCorner.uasset" 318
"../../../Engine/Content/VREditor/TransformGizmo/BoundingBoxCorner.uexp" 319
"../../../Engine/Content/VREditor/TransformGizmo/BoundingBoxEdge.uasset" 320
"../../../Engine/Content/VREditor/TransformGizmo/BoundingBoxEdge.uexp" 321
"../../../Engine/Content/VREditor/TransformGizmo/PlaneTranslationHandle.uasset" 322
"../../../Engine/Content/VREditor/TransformGizmo/PlaneTranslationHandle.uexp" 323
"../../../Engine/Content/VREditor/TransformGizmo/Xray.uasset" 324
"../../../Engine/Content/VREditor/TransformGizmo/Xray.uexp" 325
"../../../Engine/Content/VREditor/TransformGizmo/Main.uasset" 326
"../../../Engine/Content/VREditor/TransformGizmo/Main.uexp" 327
"../../../Engine/Content/VREditor/TransformGizmo/SM_Sequencer_Key.uasset" 328
"../../../Engine/Content/VREditor/TransformGizmo/SM_Sequencer_Key.uexp" 329
"../../../Engine/Content/VREditor/TransformGizmo/SM_Sequencer_Node.uasset" 330
"../../../Engine/Content/VREditor/TransformGizmo/SM_Sequencer_Node.uexp" 331
"../../../Engine/Plugins/2D/Paper2D/Content/PlaceholderTextures/DummySpriteTexture.uasset" 332
"../../../Engine/Plugins/2D/Paper2D/Content/PlaceholderTextures/DummySpriteTexture.uexp" 333
"../../../Engine/Plugins/2D/Paper2D/Content/PlaceholderTextures/DummySpriteTexture.ubulk" 334
"../../../Engine/Plugins/2D/Paper2D/Content/DummySprite.uasset" 335
"../../../Engine/Plugins/2D/Paper2D/Content/DummySprite.uexp" 336
"../../../Engine/Plugins/2D/Paper2D/Content/DefaultPaperTerrainMaterial.uasset" 337
"../../../Engine/Plugins/2D/Paper2D/Content/DefaultPaperTerrainMaterial.uexp" 338
"../../../Engine/Plugins/2D/Paper2D/Content/DefaultSpriteMaterial.uasset" 339
"../../../Engine/Plugins/2D/Paper2D/Content/DefaultSpriteMaterial.uexp" 340
"../../../Engine/Plugins/2D/Paper2D/Content/MaskedUnlitSpriteMaterial.uasset" 341
"../../../Engine/Plugins/2D/Paper2D/Content/MaskedUnlitSpriteMaterial.uexp" 342
"../../../Engine/Plugins/2D/Paper2D/Content/OpaqueUnlitSpriteMaterial.uasset" 343
"../../../Engine/Plugins/2D/Paper2D/Content/OpaqueUnlitSpriteMaterial.uexp" 344
"../../../Engine/Plugins/2D/Paper2D/Content/Tutorial/Paper2D/TutorialAssets/Paper2DFlipbook_TutorialIcon.uasset" 345
"../../../Engine/Plugins/2D/Paper2D/Content/Tutorial/Paper2D/TutorialAssets/Paper2DFlipbook_TutorialIcon.uexp" 346
"../../../Engine/Plugins/2D/Paper2D/Content/Tutorial/Paper2D/TutorialAssets/Paper2DSprite_TutorialIcon.uasset" 347
"../../../Engine/Plugins/2D/Paper2D/Content/Tutorial/Paper2D/TutorialAssets/Paper2DSprite_TutorialIcon.uexp" 348
"../../../Engine/Content/Functions/Engine_MaterialFunctions02/Utility/VectorLength.uasset" 349
"../../../Engine/Content/Functions/Engine_MaterialFunctions02/Utility/VectorLength.uexp" 350
"../../../Engine/Content/Functions/Engine_MaterialFunctions02/ObjectLocalBounds.uasset" 351
"../../../Engine/Content/Functions/Engine_MaterialFunctions02/ObjectLocalBounds.uexp" 352
"../../../Engine/Content/Functions/Engine_MaterialFunctions02/WorldPositionOffset/ObjectScale.uasset" 353
"../../../Engine/Content/Functions/Engine_MaterialFunctions02/WorldPositionOffset/ObjectScale.uexp" 354
"../../../Engine/Content/Functions/Engine_MaterialFunctions02/Utility/BreakOutFloat3Components.uasset" 355
"../../../Engine/Content/Functions/Engine_MaterialFunctions02/Utility/BreakOutFloat3Components.uexp" 356
"../../../Engine/Plugins/Editor/SpeedTreeImporter/Content/SpeedTree9/UnpackInteger3.uasset" 357
"../../../Engine/Plugins/Editor/SpeedTreeImporter/Content/SpeedTree9/UnpackInteger3.uexp" 358
"../../../Engine/Plugins/Editor/SpeedTreeImporter/Content/SpeedTree9/UnpackDirection.uasset" 359
"../../../Engine/Plugins/Editor/SpeedTreeImporter/Content/SpeedTree9/UnpackDirection.uexp" 360
"../../../Engine/Plugins/Editor/SpeedTreeImporter/Content/SpeedTree9/game_wind_noise.uasset" 361
"../../../Engine/Plugins/Editor/SpeedTreeImporter/Content/SpeedTree9/game_wind_noise.uexp" 362
"../../../Engine/Plugins/Editor/SpeedTreeImporter/Content/SpeedTree9/game_wind_noise.ubulk" 363
"../../../Engine/Content/Functions/Engine_MaterialFunctions02/SafeNormalize.uasset" 364
"../../../Engine/Content/Functions/Engine_MaterialFunctions02/SafeNormalize.uexp" 365
"../../../Engine/Plugins/Editor/SpeedTreeImporter/Content/SpeedTree9/SpeedTreeWindMotion.uasset" 366
"../../../Engine/Plugins/Editor/SpeedTreeImporter/Content/SpeedTree9/SpeedTreeWindMotion.uexp" 367
"../../../Engine/Plugins/Editor/SpeedTreeImporter/Content/SpeedTree9/SpeedTreeBranchMotion.uasset" 368
"../../../Engine/Plugins/Editor/SpeedTreeImporter/Content/SpeedTree9/SpeedTreeBranchMotion.uexp" 369
"../../../Engine/Content/Functions/Engine_MaterialFunctions02/UVs/BoundingBoxBased_0-1_UVW.uasset" 370
"../../../Engine/Content/Functions/Engine_MaterialFunctions02/UVs/BoundingBoxBased_0-1_UVW.uexp" 371
"../../../Engine/Plugins/Editor/SpeedTreeImporter/Content/SpeedTree9/SpeedTreeWind.uasset" 372
"../../../Engine/Plugins/Editor/SpeedTreeImporter/Content/SpeedTree9/SpeedTreeWind.uexp" 373
"../../../Engine/Plugins/Editor/SpeedTreeImporter/Content/SpeedTree9/SpeedTreeBillboard.uasset" 374
"../../../Engine/Plugins/Editor/SpeedTreeImporter/Content/SpeedTree9/SpeedTreeBillboard.uexp" 375
"../../../Engine/Plugins/Editor/SpeedTreeImporter/Content/SpeedTree9/EmptyNormal.uasset" 376
"../../../Engine/Plugins/Editor/SpeedTreeImporter/Content/SpeedTree9/EmptyNormal.uexp" 377
"../../../Engine/Plugins/Editor/SpeedTreeImporter/Content/SpeedTree9/Empty.uasset" 378
"../../../Engine/Plugins/Editor/SpeedTreeImporter/Content/SpeedTree9/Empty.uexp" 379
"../../../Engine/Plugins/Editor/SpeedTreeImporter/Content/SpeedTree9/SpeedTreeBillboardMaster.uasset" 380
"../../../Engine/Plugins/Editor/SpeedTreeImporter/Content/SpeedTree9/SpeedTreeBillboardMaster.uexp" 381
"../../../Engine/Plugins/Editor/SpeedTreeImporter/Content/SpeedTree9/SpeedTreeCameraFacing.uasset" 382
"../../../Engine/Plugins/Editor/SpeedTreeImporter/Content/SpeedTree9/SpeedTreeCameraFacing.uexp" 383
"../../../Engine/Plugins/Editor/SpeedTreeImporter/Content/SpeedTree9/SpeedTreeMaster.uasset" 384
"../../../Engine/Plugins/Editor/SpeedTreeImporter/Content/SpeedTree9/SpeedTreeMaster.uexp" 385
"../../../Engine/Content/BasicShapes/Cylinder.uasset" 386
"../../../Engine/Content/BasicShapes/Cylinder.uexp" 387
"../../../Engine/Content/ArtTools/RenderToTexture/Materials/Debug/M_Emissive_Color.uasset" 388
"../../../Engine/Content/ArtTools/RenderToTexture/Materials/Debug/M_Emissive_Color.uexp" 389
"../../../Engine/Plugins/Lumin/MagicLeapPassableWorld/Content/MagicLeapARPinInfoActor.uasset" 390
"../../../Engine/Plugins/Lumin/MagicLeapPassableWorld/Content/MagicLeapARPinInfoActor.uexp" 391
"../../../Engine/Plugins/Runtime/OpenXR/Content/Devices/GoogleDaydream/MRTexture.uasset" 392
"../../../Engine/Plugins/Runtime/OpenXR/Content/Devices/GoogleDaydream/MRTexture.uexp" 393
"../../../Engine/Plugins/Runtime/OpenXR/Content/Devices/GoogleDaydream/MRTexture.ubulk" 394
"../../../Engine/Plugins/Runtime/OpenXR/Content/Devices/GoogleDaydream/BaseTexture.uasset" 395
"../../../Engine/Plugins/Runtime/OpenXR/Content/Devices/GoogleDaydream/BaseTexture.uexp" 396
"../../../Engine/Plugins/Runtime/OpenXR/Content/Devices/GoogleDaydream/BaseTexture.ubulk" 397
"../../../Engine/Content/EngineResources/Black.uasset" 398
"../../../Engine/Content/EngineResources/Black.uexp" 399
"../../../Engine/Plugins/Runtime/OpenXR/Content/Devices/M_XRController.uasset" 400
"../../../Engine/Plugins/Runtime/OpenXR/Content/Devices/M_XRController.uexp" 401
"../../../Engine/Plugins/Runtime/OpenXR/Content/Devices/GoogleDaydream/MI_GoogleDaydream.uasset" 402
"../../../Engine/Plugins/Runtime/OpenXR/Content/Devices/GoogleDaydream/MI_GoogleDaydream.uexp" 403
"../../../Engine/Plugins/Runtime/OpenXR/Content/Devices/GoogleDaydream/GoogleDaydreamController.uasset" 404
"../../../Engine/Plugins/Runtime/OpenXR/Content/Devices/GoogleDaydream/GoogleDaydreamController.uexp" 405
"../../../Engine/Plugins/Runtime/OpenXR/Content/Devices/HTCVive/BaseTexture.uasset" 406
"../../../Engine/Plugins/Runtime/OpenXR/Content/Devices/HTCVive/BaseTexture.uexp" 407
"../../../Engine/Plugins/Runtime/OpenXR/Content/Devices/HTCVive/BaseTexture.ubulk" 408
"../../../Engine/Plugins/Runtime/OpenXR/Content/Devices/HTCVive/MI_HTCVive.uasset" 409
"../../../Engine/Plugins/Runtime/OpenXR/Content/Devices/HTCVive/MI_HTCVive.uexp" 410
"../../../Engine/Plugins/Runtime/OpenXR/Content/Devices/HTCVive/HTCViveController.uasset" 411
"../../../Engine/Plugins/Runtime/OpenXR/Content/Devices/HTCVive/HTCViveController.uexp" 412
"../../../Engine/Plugins/Runtime/OpenXR/Content/Devices/MicrosoftMixedReality/NormalTexture.uasset" 413
"../../../Engine/Plugins/Runtime/OpenXR/Content/Devices/MicrosoftMixedReality/NormalTexture.uexp" 414
"../../../Engine/Plugins/Runtime/OpenXR/Content/Devices/MicrosoftMixedReality/NormalTexture.ubulk" 415
"../../../Engine/Plugins/Runtime/OpenXR/Content/Devices/MicrosoftMixedReality/MRTexture.uasset" 416
"../../../Engine/Plugins/Runtime/OpenXR/Content/Devices/MicrosoftMixedReality/MRTexture.uexp" 417
"../../../Engine/Plugins/Runtime/OpenXR/Content/Devices/MicrosoftMixedReality/MRTexture.ubulk" 418
"../../../Engine/Plugins/Runtime/OpenXR/Content/Devices/MicrosoftMixedReality/EmissiveTexture.uasset" 419
"../../../Engine/Plugins/Runtime/OpenXR/Content/Devices/MicrosoftMixedReality/EmissiveTexture.uexp" 420
"../../../Engine/Plugins/Runtime/OpenXR/Content/Devices/MicrosoftMixedReality/EmissiveTexture.ubulk" 421
"../../../Engine/Plugins/Runtime/OpenXR/Content/Devices/MicrosoftMixedReality/BaseTexture.uasset" 422
"../../../Engine/Plugins/Runtime/OpenXR/Content/Devices/MicrosoftMixedReality/BaseTexture.uexp" 423
"../../../Engine/Plugins/Runtime/OpenXR/Content/Devices/MicrosoftMixedReality/BaseTexture.ubulk" 424
"../../../Engine/Plugins/Runtime/OpenXR/Content/Devices/MicrosoftMixedReality/MI_MicrosoftMixedReality.uasset" 425
"../../../Engine/Plugins/Runtime/OpenXR/Content/Devices/MicrosoftMixedReality/MI_MicrosoftMixedReality.uexp" 426
"../../../Engine/Plugins/Runtime/OpenXR/Content/Devices/MicrosoftMixedReality/Left/left_MicrosoftMixedRealityController.uasset" 427
"../../../Engine/Plugins/Runtime/OpenXR/Content/Devices/MicrosoftMixedReality/Left/left_MicrosoftMixedRealityController.uexp" 428
"../../../Engine/Plugins/Runtime/OpenXR/Content/Devices/MicrosoftMixedReality/Right/right_MicrosoftMixedRealityController.uasset" 429
"../../../Engine/Plugins/Runtime/OpenXR/Content/Devices/MicrosoftMixedReality/Right/right_MicrosoftMixedRealityController.uexp" 430
"../../../Engine/Plugins/Runtime/OpenXR/Content/Devices/OculusGo/BaseTexture.uasset" 431
"../../../Engine/Plugins/Runtime/OpenXR/Content/Devices/OculusGo/BaseTexture.uexp" 432
"../../../Engine/Plugins/Runtime/OpenXR/Content/Devices/OculusGo/BaseTexture.ubulk" 433
"../../../Engine/Plugins/Runtime/OpenXR/Content/Devices/OculusGo/MI_OculusGo.uasset" 434
"../../../Engine/Plugins/Runtime/OpenXR/Content/Devices/OculusGo/MI_OculusGo.uexp" 435
"../../../Engine/Plugins/Runtime/OpenXR/Content/Devices/OculusGo/OculusGoController.uasset" 436
"../../../Engine/Plugins/Runtime/OpenXR/Content/Devices/OculusGo/OculusGoController.uexp" 437
"../../../Engine/Plugins/Runtime/OpenXR/Content/Devices/OculusTouch/MRTexture.uasset" 438
"../../../Engine/Plugins/Runtime/OpenXR/Content/Devices/OculusTouch/MRTexture.uexp" 439
"../../../Engine/Plugins/Runtime/OpenXR/Content/Devices/OculusTouch/MRTexture.ubulk" 440
"../../../Engine/Plugins/Runtime/OpenXR/Content/Devices/OculusTouch/BaseTexture.uasset" 441
"../../../Engine/Plugins/Runtime/OpenXR/Content/Devices/OculusTouch/BaseTexture.uexp" 442
"../../../Engine/Plugins/Runtime/OpenXR/Content/Devices/OculusTouch/BaseTexture.ubulk" 443
"../../../Engine/Plugins/Runtime/OpenXR/Content/Devices/OculusTouch/MI_OculusTouch.uasset" 444
"../../../Engine/Plugins/Runtime/OpenXR/Content/Devices/OculusTouch/MI_OculusTouch.uexp" 445
"../../../Engine/Plugins/Runtime/OpenXR/Content/Devices/OculusTouch/Left/left_OculusTouchController.uasset" 446
"../../../Engine/Plugins/Runtime/OpenXR/Content/Devices/OculusTouch/Left/left_OculusTouchController.uexp" 447
"../../../Engine/Plugins/Runtime/OpenXR/Content/Devices/OculusTouch/Right/right_OculusTouchController.uasset" 448
"../../../Engine/Plugins/Runtime/OpenXR/Content/Devices/OculusTouch/Right/right_OculusTouchController.uexp" 449
"../../../Engine/Plugins/Runtime/OpenXR/Content/Devices/OculusTouch_v2/MRTexture.uasset" 450
"../../../Engine/Plugins/Runtime/OpenXR/Content/Devices/OculusTouch_v2/MRTexture.uexp" 451
"../../../Engine/Plugins/Runtime/OpenXR/Content/Devices/OculusTouch_v2/MRTexture.ubulk" 452
"../../../Engine/Plugins/Runtime/OpenXR/Content/Devices/OculusTouch_v2/BaseTexture.uasset" 453
"../../../Engine/Plugins/Runtime/OpenXR/Content/Devices/OculusTouch_v2/BaseTexture.uexp" 454
"../../../Engine/Plugins/Runtime/OpenXR/Content/Devices/OculusTouch_v2/BaseTexture.ubulk" 455
"../../../Engine/Plugins/Runtime/OpenXR/Content/Devices/OculusTouch_v2/MI_OculusTouch_v2.uasset" 456
"../../../Engine/Plugins/Runtime/OpenXR/Content/Devices/OculusTouch_v2/MI_OculusTouch_v2.uexp" 457
"../../../Engine/Plugins/Runtime/OpenXR/Content/Devices/OculusTouch_v2/Left/left_OculusTouch_v2Controller.uasset" 458
"../../../Engine/Plugins/Runtime/OpenXR/Content/Devices/OculusTouch_v2/Left/left_OculusTouch_v2Controller.uexp" 459
"../../../Engine/Plugins/Runtime/OpenXR/Content/Devices/OculusTouch_v2/Right/right_OculusTouch_v2Controller.uasset" 460
"../../../Engine/Plugins/Runtime/OpenXR/Content/Devices/OculusTouch_v2/Right/right_OculusTouch_v2Controller.uexp" 461
"../../../Engine/Plugins/Runtime/OpenXR/Content/Devices/OculusTouch_v3/MRTexture.uasset" 462
"../../../Engine/Plugins/Runtime/OpenXR/Content/Devices/OculusTouch_v3/MRTexture.uexp" 463
"../../../Engine/Plugins/Runtime/OpenXR/Content/Devices/OculusTouch_v3/MRTexture.ubulk" 464
"../../../Engine/Plugins/Runtime/OpenXR/Content/Devices/OculusTouch_v3/BaseTexture.uasset" 465
"../../../Engine/Plugins/Runtime/OpenXR/Content/Devices/OculusTouch_v3/BaseTexture.uexp" 466
"../../../Engine/Plugins/Runtime/OpenXR/Content/Devices/OculusTouch_v3/BaseTexture.ubulk" 467
"../../../Engine/Plugins/Runtime/OpenXR/Content/Devices/OculusTouch_v3/MI_OculusTouch_v3.uasset" 468
"../../../Engine/Plugins/Runtime/OpenXR/Content/Devices/OculusTouch_v3/MI_OculusTouch_v3.uexp" 469
"../../../Engine/Plugins/Runtime/OpenXR/Content/Devices/OculusTouch_v3/Left/left_OculusTouch_v3Controller.uasset" 470
"../../../Engine/Plugins/Runtime/OpenXR/Content/Devices/OculusTouch_v3/Left/left_OculusTouch_v3Controller.uexp" 471
"../../../Engine/Plugins/Runtime/OpenXR/Content/Devices/OculusTouch_v3/Right/right_OculusTouch_v3Controller.uasset" 472
"../../../Engine/Plugins/Runtime/OpenXR/Content/Devices/OculusTouch_v3/Right/right_OculusTouch_v3Controller.uexp" 473
"../../../Engine/Plugins/Runtime/OpenXR/Content/Devices/ValveIndex/MRTexture.uasset" 474
"../../../Engine/Plugins/Runtime/OpenXR/Content/Devices/ValveIndex/MRTexture.uexp" 475
"../../../Engine/Plugins/Runtime/OpenXR/Content/Devices/ValveIndex/MRTexture.ubulk" 476
"../../../Engine/Plugins/Runtime/OpenXR/Content/Devices/ValveIndex/BaseTexture.uasset" 477
"../../../Engine/Plugins/Runtime/OpenXR/Content/Devices/ValveIndex/BaseTexture.uexp" 478
"../../../Engine/Plugins/Runtime/OpenXR/Content/Devices/ValveIndex/BaseTexture.ubulk" 479
"../../../Engine/Plugins/Runtime/OpenXR/Content/Devices/ValveIndex/Left/MI_left_ValveIndex.uasset" 480
"../../../Engine/Plugins/Runtime/OpenXR/Content/Devices/ValveIndex/Left/MI_left_ValveIndex.uexp" 481
"../../../Engine/Plugins/Runtime/OpenXR/Content/Devices/ValveIndex/Left/left_ValveIndexController.uasset" 482
"../../../Engine/Plugins/Runtime/OpenXR/Content/Devices/ValveIndex/Left/left_ValveIndexController.uexp" 483
"../../../Engine/Plugins/Runtime/OpenXR/Content/Devices/ValveIndex/Right/MI_right_ValveIndex.uasset" 484
"../../../Engine/Plugins/Runtime/OpenXR/Content/Devices/ValveIndex/Right/MI_right_ValveIndex.uexp" 485
"../../../Engine/Plugins/Runtime/OpenXR/Content/Devices/ValveIndex/Right/right_ValveIndexController.uasset" 486
"../../../Engine/Plugins/Runtime/OpenXR/Content/Devices/ValveIndex/Right/right_ValveIndexController.uexp" 487
"../../../Engine/Content/Functions/Engine_MaterialFunctions02/Utility/BreakOutFloat4Components.uasset" 488
"../../../Engine/Content/Functions/Engine_MaterialFunctions02/Utility/BreakOutFloat4Components.uexp" 489
"../../../Engine/Content/Functions/Engine_MaterialFunctions02/Utility/MakeFloat3.uasset" 490
"../../../Engine/Content/Functions/Engine_MaterialFunctions02/Utility/MakeFloat3.uexp" 491
"../../../Engine/Plugins/Runtime/Oculus/OculusVR/Content/Materials/OculusMR_ChromaKey.uasset" 492
"../../../Engine/Plugins/Runtime/Oculus/OculusVR/Content/Materials/OculusMR_ChromaKey.uexp" 493
"../../../Engine/Plugins/Runtime/Oculus/OculusVR/Content/Materials/OculusMR_OpaqueColoredMaterial.uasset" 494
"../../../Engine/Plugins/Runtime/Oculus/OculusVR/Content/Materials/OculusMR_OpaqueColoredMaterial.uexp" 495
"../../../Engine/Plugins/Runtime/Oculus/OculusVR/Content/Materials/PokeAHoleMaterial.uasset" 496
"../../../Engine/Plugins/Runtime/Oculus/OculusVR/Content/Materials/PokeAHoleMaterial.uexp" 497
"../../../Engine/Plugins/Runtime/Oculus/OculusVR/Content/Textures/touchController_controlmap.uasset" 498
"../../../Engine/Plugins/Runtime/Oculus/OculusVR/Content/Textures/touchController_controlmap.uexp" 499
"../../../Engine/Plugins/Runtime/Oculus/OculusVR/Content/Textures/touchController_controlmap.ubulk" 500
"../../../Engine/Plugins/Runtime/Oculus/OculusVR/Content/Textures/touchController_albedo.uasset" 501
"../../../Engine/Plugins/Runtime/Oculus/OculusVR/Content/Textures/touchController_albedo.uexp" 502
"../../../Engine/Plugins/Runtime/Oculus/OculusVR/Content/Textures/touchController_albedo.ubulk" 503
"../../../Engine/Plugins/Runtime/Oculus/OculusVR/Content/Materials/touchController_mat.uasset" 504
"../../../Engine/Plugins/Runtime/Oculus/OculusVR/Content/Materials/touchController_mat.uexp" 505
"../../../Engine/Plugins/Runtime/Oculus/OculusVR/Content/Meshes/LeftTouchController.uasset" 506
"../../../Engine/Plugins/Runtime/Oculus/OculusVR/Content/Meshes/LeftTouchController.uexp" 507
"../../../Engine/Plugins/Runtime/Oculus/OculusVR/Content/Textures/TouchForQuestRiftSController_albedo.uasset" 508
"../../../Engine/Plugins/Runtime/Oculus/OculusVR/Content/Textures/TouchForQuestRiftSController_albedo.uexp" 509
"../../../Engine/Plugins/Runtime/Oculus/OculusVR/Content/Textures/TouchForQuestRiftSController_albedo.ubulk" 510
"../../../Engine/Plugins/Runtime/Oculus/OculusVR/Content/Materials/TouchForQuestRiftSControllerMaterial.uasset" 511
"../../../Engine/Plugins/Runtime/Oculus/OculusVR/Content/Materials/TouchForQuestRiftSControllerMaterial.uexp" 512
"../../../Engine/Plugins/Runtime/Oculus/OculusVR/Content/Meshes/LeftTouchForQuestRiftSController.uasset" 513
"../../../Engine/Plugins/Runtime/Oculus/OculusVR/Content/Meshes/LeftTouchForQuestRiftSController.uexp" 514
"../../../Engine/Plugins/Runtime/Oculus/OculusVR/Content/Meshes/RiftHMD.uasset" 515
"../../../Engine/Plugins/Runtime/Oculus/OculusVR/Content/Meshes/RiftHMD.uexp" 516
"../../../Engine/Plugins/Runtime/Oculus/OculusVR/Content/Meshes/RightTouchController.uasset" 517
"../../../Engine/Plugins/Runtime/Oculus/OculusVR/Content/Meshes/RightTouchController.uexp" 518
"../../../Engine/Plugins/Runtime/Oculus/OculusVR/Content/Meshes/RightTouchForQuestRiftSController.uasset" 519
"../../../Engine/Plugins/Runtime/Oculus/OculusVR/Content/Meshes/RightTouchForQuestRiftSController.uexp" 520
"E:/UE/UEngine4.27/Arkanoid/Content/MyGame/Sounds/08__Burning_sadness.uasset" 521
"E:/UE/UEngine4.27/Arkanoid/Content/MyGame/Sounds/08__Burning_sadness.uexp" 522
"E:/UE/UEngine4.27/Arkanoid/Content/MyGame/Sounds/07__Happa.uasset" 523
"E:/UE/UEngine4.27/Arkanoid/Content/MyGame/Sounds/07__Happa.uexp" 524
"E:/UE/UEngine4.27/Arkanoid/Content/MyGame/Sounds/05__Someone_Ate_Cake.uasset" 525
"E:/UE/UEngine4.27/Arkanoid/Content/MyGame/Sounds/05__Someone_Ate_Cake.uexp" 526
"E:/UE/UEngine4.27/Arkanoid/Content/MyGame/Sounds/02__Out_From_The_Darkness.uasset" 527
"E:/UE/UEngine4.27/Arkanoid/Content/MyGame/Sounds/02__Out_From_The_Darkness.uexp" 528
"E:/UE/UEngine4.27/Arkanoid/Content/MyGame/Sounds/02__Out_From_The_Darkness_Cue.uasset" 529
"E:/UE/UEngine4.27/Arkanoid/Content/MyGame/Sounds/02__Out_From_The_Darkness_Cue.uexp" 530
"../../../Engine/Content/MapTemplates/SM_Template_Map_Floor.uasset" 531
"../../../Engine/Content/MapTemplates/SM_Template_Map_Floor.uexp" 532
"../../../Engine/Content/EngineSky/T_Sky_Stars.uasset" 533
"../../../Engine/Content/EngineSky/T_Sky_Stars.uexp" 534
"../../../Engine/Content/EngineSky/T_Sky_Stars.ubulk" 535
"../../../Engine/Content/EngineSky/T_Sky_Clouds_M.uasset" 536
"../../../Engine/Content/EngineSky/T_Sky_Clouds_M.uexp" 537
"../../../Engine/Content/EngineSky/T_Sky_Clouds_M.ubulk" 538
"../../../Engine/Content/EngineSky/T_Sky_Blue.uasset" 539
"../../../Engine/Content/EngineSky/T_Sky_Blue.uexp" 540
"../../../Engine/Content/EngineSky/T_Sky_Blue.ubulk" 541
"../../../Engine/Content/EngineSky/M_Sky_Panning_Clouds2.uasset" 542
"../../../Engine/Content/EngineSky/M_Sky_Panning_Clouds2.uexp" 543
"../../../Engine/Content/EditorBlueprintResources/StandardMacros.uasset" 544
"../../../Engine/Content/EditorBlueprintResources/StandardMacros.uexp" 545
"../../../Engine/Content/EngineSky/SM_SkySphere.uasset" 546
"../../../Engine/Content/EngineSky/SM_SkySphere.uexp" 547
"../../../Engine/Content/EngineSky/C_Sky_Zenith_Color.uasset" 548
"../../../Engine/Content/EngineSky/C_Sky_Zenith_Color.uexp" 549
"../../../Engine/Content/EngineSky/C_Sky_Horizon_Color.uasset" 550
"../../../Engine/Content/EngineSky/C_Sky_Horizon_Color.uexp" 551
"../../../Engine/Content/EngineSky/C_Sky_Cloud_Color.uasset" 552
"../../../Engine/Content/EngineSky/C_Sky_Cloud_Color.uexp" 553
"../../../Engine/Content/EngineSky/BP_Sky_Sphere.uasset" 554
"../../../Engine/Content/EngineSky/BP_Sky_Sphere.uexp" 555
"E:/UE/UEngine4.27/Arkanoid/Content/MyGame/MyMap/MyLevels_BuiltData.uasset" 556
"E:/UE/UEngine4.27/Arkanoid/Content/MyGame/MyMap/MyLevels_BuiltData.uexp" 557
"E:/UE/UEngine4.27/Arkanoid/Content/MyGame/MyMap/MyLevels_BuiltData.ubulk" 558
"E:/UE/UEngine4.27/Arkanoid/Content/MyGame/Materials/M_Color_Base.uasset" 559
"E:/UE/UEngine4.27/Arkanoid/Content/MyGame/Materials/M_Color_Base.uexp" 560
"E:/UE/UEngine4.27/Arkanoid/Content/MyGame/Materials/MI_Color_Blue.uasset" 561
"E:/UE/UEngine4.27/Arkanoid/Content/MyGame/Materials/MI_Color_Blue.uexp" 562
"E:/UE/UEngine4.27/Arkanoid/Content/MyGame/Sounds/sfx-21.uasset" 563
"E:/UE/UEngine4.27/Arkanoid/Content/MyGame/Sounds/sfx-21.uexp" 564
"E:/UE/UEngine4.27/Arkanoid/Content/MyGame/Sounds/sfx-21_Cue.uasset" 565
"E:/UE/UEngine4.27/Arkanoid/Content/MyGame/Sounds/sfx-21_Cue.uexp" 566
"E:/UE/UEngine4.27/Arkanoid/Content/MyGame/Sounds/sfx-17.uasset" 567
"E:/UE/UEngine4.27/Arkanoid/Content/MyGame/Sounds/sfx-17.uexp" 568
"E:/UE/UEngine4.27/Arkanoid/Content/MyGame/Sounds/sfx-17_Cue.uasset" 569
"E:/UE/UEngine4.27/Arkanoid/Content/MyGame/Sounds/sfx-17_Cue.uexp" 570
"E:/UE/UEngine4.27/Arkanoid/Content/MyGame/Sounds/10-lose-life.uasset" 571
"E:/UE/UEngine4.27/Arkanoid/Content/MyGame/Sounds/10-lose-life.uexp" 572
"E:/UE/UEngine4.27/Arkanoid/Content/MyGame/Sounds/10-lose-life_Cue.uasset" 573
"E:/UE/UEngine4.27/Arkanoid/Content/MyGame/Sounds/10-lose-life_Cue.uexp" 574
"E:/UE/UEngine4.27/Arkanoid/Content/MyGame/Materials/MI_Color_Green.uasset" 575
"E:/UE/UEngine4.27/Arkanoid/Content/MyGame/Materials/MI_Color_Green.uexp" 576
"../../../Engine/Content/BasicShapes/BasicShapeMaterial.uasset" 577
"../../../Engine/Content/BasicShapes/BasicShapeMaterial.uexp" 578
"../../../Engine/Content/BasicShapes/Cone.uasset" 579
"../../../Engine/Content/BasicShapes/Cone.uexp" 580
"E:/UE/UEngine4.27/Arkanoid/Content/MyGame/BluePrints/Bonuses/E_BonusType.uasset" 581
"E:/UE/UEngine4.27/Arkanoid/Content/MyGame/BluePrints/Bonuses/E_BonusType.uexp" 582
"E:/UE/UEngine4.27/Arkanoid/Content/MyGame/BluePrints/Bonuses/BP_Bonus.uasset" 583
"E:/UE/UEngine4.27/Arkanoid/Content/MyGame/BluePrints/Bonuses/BP_Bonus.uexp" 584
"../../../Engine/Content/BasicShapes/Cube.uasset" 585
"../../../Engine/Content/BasicShapes/Cube.uexp" 586
"E:/UE/UEngine4.27/Arkanoid/Content/MyGame/Sounds/sfx-7.uasset" 587
"E:/UE/UEngine4.27/Arkanoid/Content/MyGame/Sounds/sfx-7.uexp" 588
"E:/UE/UEngine4.27/Arkanoid/Content/MyGame/Sounds/sfx-7_Cue.uasset" 589
"E:/UE/UEngine4.27/Arkanoid/Content/MyGame/Sounds/sfx-7_Cue.uexp" 590
"../../../Engine/Content/BasicShapes/Sphere.uasset" 591
"../../../Engine/Content/BasicShapes/Sphere.uexp" 592
"E:/UE/UEngine4.27/Arkanoid/Content/MyGame/Materials/MI_Color_Red.uasset" 593
"E:/UE/UEngine4.27/Arkanoid/Content/MyGame/Materials/MI_Color_Red.uexp" 594
"E:/UE/UEngine4.27/Arkanoid/Content/MyGame/BluePrints/BP_ball.uasset" 595
"E:/UE/UEngine4.27/Arkanoid/Content/MyGame/BluePrints/BP_ball.uexp" 596
"E:/UE/UEngine4.27/Arkanoid/Content/MyGame/BluePrints/Core/BP_MyPawn.uasset" 597
"E:/UE/UEngine4.27/Arkanoid/Content/MyGame/BluePrints/Core/BP_MyPawn.uexp" 598
"E:/UE/UEngine4.27/Arkanoid/Content/MyGame/UI/WBP_WinScreen.uasset" 599
"E:/UE/UEngine4.27/Arkanoid/Content/MyGame/UI/WBP_WinScreen.uexp" 600
"E:/UE/UEngine4.27/Arkanoid/Content/MyGame/UI/WBP_HUD.uasset" 601
"E:/UE/UEngine4.27/Arkanoid/Content/MyGame/UI/WBP_HUD.uexp" 602
"E:/UE/UEngine4.27/Arkanoid/Content/MyGame/Materials/Metalls/M_MetallBase.uasset" 603
"E:/UE/UEngine4.27/Arkanoid/Content/MyGame/Materials/Metalls/M_MetallBase.uexp" 604
"E:/UE/UEngine4.27/Arkanoid/Content/MyGame/Materials/Metalls/MI_MetallBase_Gold.uasset" 605
"E:/UE/UEngine4.27/Arkanoid/Content/MyGame/Materials/Metalls/MI_MetallBase_Gold.uexp" 606
"../../../Engine/Content/VREditor/BasicMeshes/T_CleanFloorGrunge_01_D.uasset" 607
"../../../Engine/Content/VREditor/BasicMeshes/T_CleanFloorGrunge_01_D.uexp" 608
"../../../Engine/Content/VREditor/BasicMeshes/T_CleanFloorGrunge_01_D.ubulk" 609
"../../../Engine/Content/VREditor/BasicMeshes/M_Floor_01.uasset" 610
"../../../Engine/Content/VREditor/BasicMeshes/M_Floor_01.uexp" 611
"../../../Engine/Content/VREditor/BasicMeshes/MI_Cube_02.uasset" 612
"../../../Engine/Content/VREditor/BasicMeshes/MI_Cube_02.uexp" 613
"E:/UE/UEngine4.27/Arkanoid/Content/MyGame/Materials/Metalls/MI_MetallBase_Silver.uasset" 614
"E:/UE/UEngine4.27/Arkanoid/Content/MyGame/Materials/Metalls/MI_MetallBase_Silver.uexp" 615
"E:/UE/UEngine4.27/Arkanoid/Content/MyGame/BluePrints/BP_Cube_Parent.uasset" 616
"E:/UE/UEngine4.27/Arkanoid/Content/MyGame/BluePrints/BP_Cube_Parent.uexp" 617
"E:/UE/UEngine4.27/Arkanoid/Content/MyGame/BluePrints/BP_Cube_Child.uasset" 618
"E:/UE/UEngine4.27/Arkanoid/Content/MyGame/BluePrints/BP_Cube_Child.uexp" 619
"../../../Engine/Content/BasicShapes/Cube1.uasset" 620
"../../../Engine/Content/BasicShapes/Cube1.uexp" 621
"E:/UE/UEngine4.27/Arkanoid/Content/MyGame/BluePrints/BP_CubesGenerator.uasset" 622
"E:/UE/UEngine4.27/Arkanoid/Content/MyGame/BluePrints/BP_CubesGenerator.uexp" 623
"E:/UE/UEngine4.27/Arkanoid/Content/MyGame/BluePrints/Core/BP_MyPlayerController.uasset" 624
"E:/UE/UEngine4.27/Arkanoid/Content/MyGame/BluePrints/Core/BP_MyPlayerController.uexp" 625
"E:/UE/UEngine4.27/Arkanoid/Content/MyGame/BluePrints/Core/BP_MyGameMod.uasset" 626
"E:/UE/UEngine4.27/Arkanoid/Content/MyGame/BluePrints/Core/BP_MyGameMod.uexp" 627
"E:/UE/UEngine4.27/Arkanoid/Content/MyGame/BluePrints/BP_MyKillZone.uasset" 628
"E:/UE/UEngine4.27/Arkanoid/Content/MyGame/BluePrints/BP_MyKillZone.uexp" 629
"E:/UE/UEngine4.27/Arkanoid/Content/MyGame/MyMap/MyLevels.uexp" 630
"E:/UE/UEngine4.27/Arkanoid/Content/MyGame/MyMap/MyLevels.umap" 631
"E:/UE/UEngine4.27/Arkanoid/Content/MyGame/Sounds/zvzdnyh-vojn-imperskij-marsh.uasset" 632
"E:/UE/UEngine4.27/Arkanoid/Content/MyGame/Sounds/zvzdnyh-vojn-imperskij-marsh.uexp" 633
"E:/UE/UEngine4.27/Arkanoid/Content/MyGame/Sounds/zvzdnyh-vojn-imperskij-marsh_Cue.uasset" 634
"E:/UE/UEngine4.27/Arkanoid/Content/MyGame/Sounds/zvzdnyh-vojn-imperskij-marsh_Cue.uexp" 635
"../../../Engine/Content/EngineMeshes/T_Mat_UnrealTech_01_D.uasset" 636
"../../../Engine/Content/EngineMeshes/T_Mat_UnrealTech_01_D.uexp" 637
"../../../Engine/Content/EngineMeshes/T_Mat_UnrealTech_01_D.ubulk" 638
"../../../Engine/Content/EngineMeshes/M_Mat_UnrealTech.uasset" 639
"../../../Engine/Content/EngineMeshes/M_Mat_UnrealTech.uexp" 640
"../../../Engine/Content/EngineMeshes/SM_MatPreviewMesh_01.uasset" 641
"../../../Engine/Content/EngineMeshes/SM_MatPreviewMesh_01.uexp" 642
"../../../Engine/Content/TemplateResources/M_Template_Master.uasset" 643
"../../../Engine/Content/TemplateResources/M_Template_Master.uexp" 644
"../../../Engine/Content/TemplateResources/MI_Template_BaseGray_03_Metal.uasset" 645
"../../../Engine/Content/TemplateResources/MI_Template_BaseGray_03_Metal.uexp" 646
"../../../Engine/Content/TemplateResources/MI_Template_BaseGray_02_Metal.uasset" 647
"../../../Engine/Content/TemplateResources/MI_Template_BaseGray_02_Metal.uexp" 648
"../../../Engine/Content/MapTemplates/TilingNoise05.uasset" 649
"../../../Engine/Content/MapTemplates/TilingNoise05.uexp" 650
"../../../Engine/Content/MapTemplates/TilingNoise05.ubulk" 651
"../../../Engine/Content/Functions/Engine_MaterialFunctions02/SplitComponents.uasset" 652
"../../../Engine/Content/Functions/Engine_MaterialFunctions02/SplitComponents.uexp" 653
"../../../Engine/Content/EngineSky/M_SkyTimeOfDay.uasset" 654
"../../../Engine/Content/EngineSky/M_SkyTimeOfDay.uexp" 655
"E:/UE/UEngine4.27/Arkanoid/Content/MyGame/UI/WBP_Menu.uasset" 656
"E:/UE/UEngine4.27/Arkanoid/Content/MyGame/UI/WBP_Menu.uexp" 657
"E:/UE/UEngine4.27/Arkanoid/Content/MyGame/BluePrints/Menu/BP_PlayerControllerMenu.uasset" 658
"E:/UE/UEngine4.27/Arkanoid/Content/MyGame/BluePrints/Menu/BP_PlayerControllerMenu.uexp" 659
"E:/UE/UEngine4.27/Arkanoid/Content/MyGame/BluePrints/Menu/BP_GameModeMenu.uasset" 660
"E:/UE/UEngine4.27/Arkanoid/Content/MyGame/BluePrints/Menu/BP_GameModeMenu.uexp" 661
"E:/UE/UEngine4.27/Arkanoid/Content/MyGame/MyMap/MyMenuMap.uexp" 662
"E:/UE/UEngine4.27/Arkanoid/Content/MyGame/MyMap/MyMenuMap.umap" 663
"../../../Engine/Content/Maps/Entry_BuiltData.uasset" 664
"../../../Engine/Content/Maps/Entry_BuiltData.uexp" 665
"../../../Engine/Content/Maps/Entry.uexp" 666
"../../../Engine/Content/Maps/Entry.umap" 667
